<?xml version="1.0" encoding="UTF-8"?>
<!-- Generated by org.testng.reporters.JUnitXMLReporter -->
<testsuite ignored="0" hostname="DESKTOP-RKANJTO" failures="1" tests="3" name="Error Validations Test" time="36.794" errors="0" timestamp="2025-01-23T15:17:38 IST">
  <testcase classname="Neil.ErrorValidationsTestCase" name="loginErrorValidation" time="3.343">
    <skipped/>
  </testcase> <!-- loginErrorValidation -->
  <testcase classname="Neil.ErrorValidationsTestCase" name="loginErrorValidation" time="3.671">
    <failure type="java.lang.AssertionError" message="expected [Incorrect or password.] but found [Incorrect email or password.]">
      <![CDATA[java.lang.AssertionError: expected [Incorrect or password.] but found [Incorrect email or password.]
at Neil.ErrorValidationsTestCase.loginErrorValidation(ErrorValidationsTestCase.java:27)
at java.base/java.util.ArrayList.forEach(ArrayList.java:1596)
at java.base/java.util.concurrent.FutureTask.run(FutureTask.java:317)
at java.base/java.util.concurrent.ThreadPoolExecutor.runWorker(ThreadPoolExecutor.java:1144)
at java.base/java.util.concurrent.ThreadPoolExecutor$Worker.run(ThreadPoolExecutor.java:642)
at java.base/java.lang.Thread.run(Thread.java:1583)
... Removed 22 stack frames]]>
    </failure>
  </testcase> <!-- loginErrorValidation -->
  <testcase classname="Neil.ErrorValidationsTestCase" name="productErrorValidation" time="22.44"/>
</testsuite> <!-- Error Validations Test -->
